E:\HACK\02477750LEIDIAN\雷电游戏源码\RELEASE\TEXTURE.OBJ
E:\HACK\02477750LEIDIAN\雷电游戏源码\RELEASE\GAME.OBJ
E:\HACK\02477750LEIDIAN\雷电游戏源码\RELEASE\CLASS.OBJ
E:\HACK\02477750LEIDIAN\雷电游戏源码\RELEASE\5DG_WINDOW.OBJ
E:\HACK\02477750LEIDIAN\雷电游戏源码\RELEASE\VC110.PDB
E:\HACK\02477750LEIDIAN\雷电游戏源码\EXE\GAME.EXE
E:\HACK\02477750LEIDIAN\雷电游戏源码\EXE\GAME.PDB
E:\Hack\02477750leidian\雷电游戏源码\Release\5DG_Window.obj
E:\Hack\02477750leidian\雷电游戏源码\Release\Class.obj
E:\Hack\02477750leidian\雷电游戏源码\Release\Game.obj
E:\Hack\02477750leidian\雷电游戏源码\Release\Texture.obj
E:\Hack\02477750leidian\雷电游戏源码\Release\cl.command.1.tlog
E:\Hack\02477750leidian\雷电游戏源码\Release\CL.read.1.tlog
E:\Hack\02477750leidian\雷电游戏源码\Release\CL.write.1.tlog
E:\Hack\02477750leidian\雷电游戏源码\Release\link-cvtres.read.1.tlog
E:\Hack\02477750leidian\雷电游戏源码\Release\link-cvtres.write.1.tlog
E:\Hack\02477750leidian\雷电游戏源码\Release\link-rc.read.1.tlog
E:\Hack\02477750leidian\雷电游戏源码\Release\link-rc.write.1.tlog
E:\Hack\02477750leidian\雷电游戏源码\Release\link.command.1.tlog
E:\Hack\02477750leidian\雷电游戏源码\Release\link.read.1.tlog
E:\Hack\02477750leidian\雷电游戏源码\Release\link.write.1.tlog
E:\Hack\02477750leidian\雷电游戏源码\Release\Game.pdb
E:\Hack\02477750leidian\雷电游戏源码\Release\vc110.pdb
E:\Hack\02477750leidian\雷电游戏源码\EXE\Game.pdb
E:\Hack\02477750leidian\雷电游戏源码\EXE\Game.exe
